\BOOKMARK [1][-]{section.1}{\376\377\127\372\116\216\230\172\136\217\133\130\120\250\176\323\147\204\166\204\176\277\140\047\210\150\133\236\163\260}{}% 1
\BOOKMARK [2][-]{subsection.1.1}{\376\377\225\356\230\230\143\317\217\360}{section.1}% 2
\BOOKMARK [2][-]{subsection.1.2}{\376\377\174\373\176\337\213\276\213\241}{section.1}% 3
\BOOKMARK [2][-]{subsection.1.3}{\376\377\174\373\176\337\133\236\163\260}{section.1}% 4
\BOOKMARK [2][-]{subsection.1.4}{\376\377\174\373\176\337\155\113\213\325}{section.1}% 5
\BOOKMARK [2][-]{subsection.1.5}{\376\377\133\236\232\214\134\017\176\323}{section.1}% 6
\BOOKMARK [1][-]{section.2}{\376\377\127\372\116\216\116\214\123\311\224\376\210\150\166\204\116\214\123\311\150\021\133\236\163\260}{}% 7
\BOOKMARK [2][-]{subsection.2.1}{\376\377\225\356\230\230\143\317\217\360}{section.2}% 8
\BOOKMARK [2][-]{subsection.2.2}{\376\377\174\373\176\337\213\276\213\241}{section.2}% 9
\BOOKMARK [2][-]{subsection.2.3}{\376\377\174\373\176\337\133\236\163\260}{section.2}% 10
\BOOKMARK [2][-]{subsection.2.4}{\376\377\174\373\176\337\155\113\213\325}{section.2}% 11
\BOOKMARK [2][-]{subsection.2.5}{\376\377\133\236\232\214\134\017\176\323}{section.2}% 12
\BOOKMARK [1][-]{section.3}{\376\377\213\376\172\013\166\204\145\066\203\267\124\214\136\372\213\256}{}% 13
\BOOKMARK [2][-]{subsection.3.1}{\376\377\127\372\116\216\230\172\136\217\133\130\120\250\176\323\147\204\166\204\176\277\140\047\210\150\133\236\163\260}{section.3}% 14
\BOOKMARK [2][-]{subsection.3.2}{\376\377\127\372\116\216\224\376\137\017\133\130\120\250\176\323\147\204\166\204\176\277\140\047\210\150\133\236\163\260}{section.3}% 15
\BOOKMARK [2][-]{subsection.3.3}{\376\377\127\372\116\216\116\214\123\311\224\376\210\150\166\204\116\214\123\311\150\021\133\236\163\260}{section.3}% 16
\BOOKMARK [2][-]{subsection.3.4}{\376\377\127\372\116\216\220\273\143\245\210\150\166\204\126\376\133\236\163\260}{section.3}% 17
\BOOKMARK [1][-]{subsection.3.4}{\376\377\123\302\200\003\145\207\163\056}{}% 18
\BOOKMARK [1][-]{section.4}{\376\377\226\104\137\125\000A\000\040\127\372\116\216\230\172\136\217\133\130\120\250\176\323\147\204\176\277\140\047\210\150\133\236\163\260\166\204\156\220\172\013\136\217}{}% 19
\BOOKMARK [1][-]{section.5}{\376\377\226\104\137\125\000B\000\040\127\372\116\216\224\376\137\017\133\130\120\250\176\323\147\204\176\277\140\047\210\150\133\236\163\260\166\204\156\220\172\013\136\217}{}% 20
\BOOKMARK [1][-]{section.6}{\376\377\226\104\137\125\000C\000\040\127\372\116\216\116\214\123\311\224\376\210\150\116\214\123\311\150\021\133\236\163\260\166\204\156\220\172\013\136\217}{}% 21
\BOOKMARK [1][-]{section.7}{\376\377\226\104\137\125\000D\000\040\127\372\116\216\220\273\143\245\210\150\126\376\133\236\163\260\166\204\156\220\172\013\136\217}{}% 22
